# JRE version: OpenJDK Runtime Environment (17.0.7) (build 17.0.7+0-b2043.56-10550314)
# Java VM: OpenJDK 64-Bit Server VM (17.0.7+0-b2043.56-10550314, mixed mode, tiered, compressed oops, compressed class ptrs, g1 gc, windows-amd64)
GC Precious Log:
 CPUs: 8 total, 8 available
 Memory: 7930M
 Large Page Support: Disabled
 NUMA Support: Disabled
 Compressed Oops: Enabled (32-bit)
 Heap Region Size: 1M
 Heap Min Capacity: 8M
 Heap Initial Capacity: 124M
 Heap Max Capacity: 2G
 Pre-touch: Disabled
 Parallel Workers: 8
 Concurrent Workers: 2
 Concurrent Refinement Workers: 8
 Periodic GC: Disabled
Heap:
 garbage-first heap   total 350208K, used 271658K [0x0000000080000000, 0x0000000100000000)
  region size 1024K, 83 young (84992K), 4 survivors (4096K)
 Metaspace       used 127475K, committed 128448K, reserved 1179648K
  class space    used 16740K, committed 17216K, reserved 1048576K
GC Heap History (20 events):
Event: 12818.676 GC heap before
{Heap before GC invocations=84 (full 0):
 garbage-first heap   total 350208K, used 197423K [0x0000000080000000, 0x0000000100000000)
  region size 1024K, 17 young (17408K), 1 survivors (1024K)
 Metaspace       used 114833K, committed 115968K, reserved 1179648K
  class space    used 15316K, committed 15872K, reserved 1048576K
}
Event: 12818.763 GC heap after
{Heap after GC invocations=85 (full 0):
 garbage-first heap   total 350208K, used 177905K [0x0000000080000000, 0x0000000100000000)
  region size 1024K, 2 young (2048K), 2 survivors (2048K)
 Metaspace       used 114833K, committed 115968K, reserved 1179648K
  class space    used 15316K, committed 15872K, reserved 1048576K
}
Event: 12821.233 GC heap before
{Heap before GC invocations=85 (full 0):
 garbage-first heap   total 350208K, used 193265K [0x0000000080000000, 0x0000000100000000)
  region size 1024K, 17 young (17408K), 2 survivors (2048K)
 Metaspace       used 114885K, committed 115968K, reserved 1179648K
  class space    used 15323K, committed 15872K, reserved 1048576K
}
Event: 12821.266 GC heap after
{Heap after GC invocations=86 (full 0):
 garbage-first heap   total 350208K, used 178470K [0x0000000080000000, 0x0000000100000000)
  region size 1024K, 3 young (3072K), 3 survivors (3072K)
 Metaspace       used 114885K, committed 115968K, reserved 1179648K
  class space    used 15323K, committed 15872K, reserved 1048576K
}
Event: 12826.525 GC heap before
{Heap before GC invocations=86 (full 0):
 garbage-first heap   total 350208K, used 222502K [0x0000000080000000, 0x0000000100000000)
  region size 1024K, 46 young (47104K), 3 survivors (3072K)
 Metaspace       used 116418K, committed 117440K, reserved 1179648K
  class space    used 15540K, committed 16000K, reserved 1048576K
}
Event: 12826.582 GC heap after
{Heap after GC invocations=87 (full 0):
 garbage-first heap   total 350208K, used 183228K [0x0000000080000000, 0x0000000100000000)
  region size 1024K, 6 young (6144K), 6 survivors (6144K)
 Metaspace       used 116418K, committed 117440K, reserved 1179648K
  class space    used 15540K, committed 16000K, reserved 1048576K
}
Event: 12828.273 GC heap before
{Heap before GC invocations=87 (full 0):
 garbage-first heap   total 350208K, used 194492K [0x0000000080000000, 0x0000000100000000)
  region size 1024K, 17 young (17408K), 6 survivors (6144K)
 Metaspace       used 116333K, committed 117824K, reserved 1179648K
  class space    used 15504K, committed 16064K, reserved 1048576K
}
Event: 12828.320 GC heap after
{Heap after GC invocations=88 (full 0):
 garbage-first heap   total 350208K, used 184744K [0x0000000080000000, 0x0000000100000000)
  region size 1024K, 2 young (2048K), 2 survivors (2048K)
 Metaspace       used 116333K, committed 117824K, reserved 1179648K
  class space    used 15504K, committed 16064K, reserved 1048576K
}
Event: 12829.279 GC heap before
{Heap before GC invocations=89 (full 0):
 garbage-first heap   total 350208K, used 221608K [0x0000000080000000, 0x0000000100000000)
  region size 1024K, 39 young (39936K), 2 survivors (2048K)
 Metaspace       used 116610K, committed 117824K, reserved 1179648K
  class space    used 15544K, committed 16064K, reserved 1048576K
}
Event: 12829.299 GC heap after
{Heap after GC invocations=90 (full 0):
 garbage-first heap   total 350208K, used 191077K [0x0000000080000000, 0x0000000100000000)
  region size 1024K, 5 young (5120K), 5 survivors (5120K)
 Metaspace       used 116610K, committed 117824K, reserved 1179648K
  class space    used 15544K, committed 16064K, reserved 1048576K
}
Event: 12830.979 GC heap before
{Heap before GC invocations=90 (full 0):
 garbage-first heap   total 350208K, used 203365K [0x0000000080000000, 0x0000000100000000)
  region size 1024K, 17 young (17408K), 5 survivors (5120K)
 Metaspace       used 117087K, committed 118016K, reserved 1179648K
  class space    used 15635K, committed 16064K, reserved 1048576K
}
Event: 12831.022 GC heap after
{Heap after GC invocations=91 (full 0):
 garbage-first heap   total 350208K, used 189870K [0x0000000080000000, 0x0000000100000000)
  region size 1024K, 2 young (2048K), 2 survivors (2048K)
 Metaspace       used 117087K, committed 118016K, reserved 1179648K
  class space    used 15635K, committed 16064K, reserved 1048576K
}
Event: 12832.020 GC heap before
{Heap before GC invocations=91 (full 0):
 garbage-first heap   total 350208K, used 211374K [0x0000000080000000, 0x0000000100000000)
  region size 1024K, 25 young (25600K), 2 survivors (2048K)
 Metaspace       used 117876K, committed 118784K, reserved 1179648K
  class space    used 15770K, committed 16192K, reserved 1048576K
}
Event: 12832.027 GC heap after
{Heap after GC invocations=92 (full 0):
 garbage-first heap   total 350208K, used 191334K [0x0000000080000000, 0x0000000100000000)
  region size 1024K, 4 young (4096K), 4 survivors (4096K)
 Metaspace       used 117876K, committed 118784K, reserved 1179648K
  class space    used 15770K, committed 16192K, reserved 1048576K
}
Event: 12836.497 GC heap before
{Heap before GC invocations=93 (full 0):
 garbage-first heap   total 350208K, used 321382K [0x0000000080000000, 0x0000000100000000)
  region size 1024K, 105 young (107520K), 4 survivors (4096K)
 Metaspace       used 121081K, committed 122048K, reserved 1179648K
  class space    used 16154K, committed 16640K, reserved 1048576K
}
Event: 12836.516 GC heap after
{Heap after GC invocations=94 (full 0):
 garbage-first heap   total 350208K, used 192579K [0x0000000080000000, 0x0000000100000000)
  region size 1024K, 5 young (5120K), 5 survivors (5120K)
 Metaspace       used 121081K, committed 122048K, reserved 1179648K
  class space    used 16154K, committed 16640K, reserved 1048576K
}
Event: 12836.742 GC heap before
{Heap before GC invocations=94 (full 0):
 garbage-first heap   total 350208K, used 203843K [0x0000000080000000, 0x0000000100000000)
  region size 1024K, 17 young (17408K), 5 survivors (5120K)
 Metaspace       used 122150K, committed 123072K, reserved 1179648K
  class space    used 16237K, committed 16704K, reserved 1048576K
}
Event: 12836.758 GC heap after
{Heap after GC invocations=95 (full 0):
 garbage-first heap   total 350208K, used 190470K [0x0000000080000000, 0x0000000100000000)
  region size 1024K, 3 young (3072K), 3 survivors (3072K)
 Metaspace       used 122150K, committed 123072K, reserved 1179648K
  class space    used 16237K, committed 16704K, reserved 1048576K
}
Event: 12839.616 GC heap before
{Heap before GC invocations=95 (full 0):
 garbage-first heap   total 350208K, used 296966K [0x0000000080000000, 0x0000000100000000)
  region size 1024K, 108 young (110592K), 3 survivors (3072K)
 Metaspace       used 126351K, committed 127296K, reserved 1179648K
  class space    used 16619K, committed 17088K, reserved 1048576K
}
Event: 12839.632 GC heap after
{Heap after GC invocations=96 (full 0):
 garbage-first heap   total 350208K, used 191786K [0x0000000080000000, 0x0000000100000000)
  region size 1024K, 4 young (4096K), 4 survivors (4096K)
 Metaspace       used 126351K, committed 127296K, reserved 1179648K
  class space    used 16619K, committed 17088K, reserved 1048576K
}

